<?xml version="1.0" encoding="UTF-8"?>
<testsuite name="com.conductor.loop.rules.ConditionEvaluatorTest" tests="15" skipped="0" failures="0" errors="0" timestamp="2026-06-27T04:20:09" hostname="RAJAJEEVANSERVE" time="0.027">
  <properties/>
  <testcase name="OR is true when any child is true" classname="com.conductor.loop.rules.ConditionEvaluatorTest" time="0.004"/>
  <testcase name="EXISTS returns true for present field" classname="com.conductor.loop.rules.ConditionEvaluatorTest" time="0.0"/>
  <testcase name="AND is false when any child is false" classname="com.conductor.loop.rules.ConditionEvaluatorTest" time="0.001"/>
  <testcase name="EQUALS returns false when field does not match" classname="com.conductor.loop.rules.ConditionEvaluatorTest" time="0.001"/>
  <testcase name="CONTAINS returns true when field contains substring" classname="com.conductor.loop.rules.ConditionEvaluatorTest" time="0.001"/>
  <testcase name="EXISTS returns false for absent field" classname="com.conductor.loop.rules.ConditionEvaluatorTest" time="0.0"/>
  <testcase name="AND is true when all children are true" classname="com.conductor.loop.rules.ConditionEvaluatorTest" time="0.001"/>
  <testcase name="EQUALS returns true when field matches value" classname="com.conductor.loop.rules.ConditionEvaluatorTest" time="0.001"/>
  <testcase name="NOT negates the child condition" classname="com.conductor.loop.rules.ConditionEvaluatorTest" time="0.001"/>
  <testcase name="Null condition always returns true (step always executes)" classname="com.conductor.loop.rules.ConditionEvaluatorTest" time="0.001"/>
  <testcase name="NOT_EQUALS returns true when value differs" classname="com.conductor.loop.rules.ConditionEvaluatorTest" time="0.001"/>
  <testcase name="NOT_EXISTS returns true for absent field" classname="com.conductor.loop.rules.ConditionEvaluatorTest" time="0.001"/>
  <testcase name="GREATER_THAN returns true when numeric field exceeds value" classname="com.conductor.loop.rules.ConditionEvaluatorTest" time="0.001"/>
  <testcase name="Dot-notation resolves nested variable path" classname="com.conductor.loop.rules.ConditionEvaluatorTest" time="0.001"/>
  <testcase name="LESS_THAN returns true when numeric field is below value" classname="com.conductor.loop.rules.ConditionEvaluatorTest" time="0.002"/>
  <system-out><![CDATA[]]></system-out>
  <system-err><![CDATA[]]></system-err>
</testsuite>
