<?xml version="1.0" encoding="UTF-8"?>
<testsuite name="com.conductor.loop.execution.RetryPolicyTest" tests="3" skipped="0" failures="0" errors="0" timestamp="2026-06-27T04:20:08" hostname="RAJAJEEVANSERVE" time="0.068">
  <properties/>
  <testcase name="auditStringContainsKeyFields()" classname="com.conductor.loop.execution.RetryPolicyTest" time="0.057"/>
  <testcase name="defaultValuesAreCorrect()" classname="com.conductor.loop.execution.RetryPolicyTest" time="0.006"/>
  <testcase name="customValuesOverrideDefaults()" classname="com.conductor.loop.execution.RetryPolicyTest" time="0.001"/>
  <system-out><![CDATA[]]></system-out>
  <system-err><![CDATA[]]></system-err>
</testsuite>
